# JRE version: OpenJDK Runtime Environment Corretto-19.0.2.7.1 (19.0.2+7) (build 19.0.2+7-FR)
# Java VM: OpenJDK 64-Bit Server VM Corretto-19.0.2.7.1 (19.0.2+7-FR, mixed mode, sharing, tiered, compressed oops, compressed class ptrs, g1 gc, windows-amd64)
GC Precious Log:
 CardTable entry size: 512
 Card Set container configuration: InlinePtr #cards 5 size 8 Array Of Cards #cards 12 size 40 Howl #buckets 4 coarsen threshold 1843 Howl Bitmap #cards 512 size 80 coarsen threshold 460 Card regions per heap region 1 cards per card region 2048
 CPUs: 8 total, 8 available
 Memory: 8074M
 Large Page Support: Disabled
 NUMA Support: Disabled
 Compressed Oops: Enabled (32-bit)
 Heap Region Size: 1M
 Heap Min Capacity: 8M
 Heap Initial Capacity: 128M
 Heap Max Capacity: 2020M
 Pre-touch: Disabled
 Parallel Workers: 8
 Concurrent Workers: 2
 Concurrent Refinement Workers: 8
 Periodic GC: Disabled
Heap:
 garbage-first heap   total 94208K, used 58345K [0x0000000081c00000, 0x0000000100000000)
  region size 1024K, 30 young (30720K), 4 survivors (4096K)
 Metaspace       used 69651K, committed 70464K, reserved 1114112K
  class space    used 9112K, committed 9472K, reserved 1048576K
GC Heap History (20 events):
Event: 4.819 GC heap before
{Heap before GC invocations=8 (full 0):
 garbage-first heap   total 51200K, used 37695K [0x0000000081c00000, 0x0000000100000000)
  region size 1024K, 20 young (20480K), 2 survivors (2048K)
 Metaspace       used 33502K, committed 34048K, reserved 1114112K
  class space    used 4100K, committed 4352K, reserved 1048576K
}
Event: 4.823 GC heap after
{Heap after GC invocations=9 (full 0):
 garbage-first heap   total 51200K, used 20408K [0x0000000081c00000, 0x0000000100000000)
  region size 1024K, 3 young (3072K), 3 survivors (3072K)
 Metaspace       used 33502K, committed 34048K, reserved 1114112K
  class space    used 4100K, committed 4352K, reserved 1048576K
}
Event: 5.148 GC heap before
{Heap before GC invocations=9 (full 0):
 garbage-first heap   total 51200K, used 31672K [0x0000000081c00000, 0x0000000100000000)
  region size 1024K, 15 young (15360K), 3 survivors (3072K)
 Metaspace       used 35476K, committed 35968K, reserved 1114112K
  class space    used 4357K, committed 4608K, reserved 1048576K
}
Event: 5.152 GC heap after
{Heap after GC invocations=10 (full 0):
 garbage-first heap   total 51200K, used 21018K [0x0000000081c00000, 0x0000000100000000)
  region size 1024K, 2 young (2048K), 2 survivors (2048K)
 Metaspace       used 35476K, committed 35968K, reserved 1114112K
  class space    used 4357K, committed 4608K, reserved 1048576K
}
Event: 5.841 GC heap before
{Heap before GC invocations=11 (full 0):
 garbage-first heap   total 51200K, used 40474K [0x0000000081c00000, 0x0000000100000000)
  region size 1024K, 21 young (21504K), 2 survivors (2048K)
 Metaspace       used 41145K, committed 41728K, reserved 1114112K
  class space    used 5165K, committed 5440K, reserved 1048576K
}
Event: 5.845 GC heap after
{Heap after GC invocations=12 (full 0):
 garbage-first heap   total 51200K, used 22566K [0x0000000081c00000, 0x0000000100000000)
  region size 1024K, 3 young (3072K), 3 survivors (3072K)
 Metaspace       used 41145K, committed 41728K, reserved 1114112K
  class space    used 5165K, committed 5440K, reserved 1048576K
}
Event: 5.892 GC heap before
{Heap before GC invocations=12 (full 0):
 garbage-first heap   total 51200K, used 23590K [0x0000000081c00000, 0x0000000100000000)
  region size 1024K, 4 young (4096K), 3 survivors (3072K)
 Metaspace       used 41564K, committed 42048K, reserved 1114112K
  class space    used 5211K, committed 5440K, reserved 1048576K
}
Event: 5.895 GC heap after
{Heap after GC invocations=13 (full 0):
 garbage-first heap   total 51200K, used 22392K [0x0000000081c00000, 0x0000000100000000)
  region size 1024K, 1 young (1024K), 1 survivors (1024K)
 Metaspace       used 41564K, committed 42048K, reserved 1114112K
  class space    used 5211K, committed 5440K, reserved 1048576K
}
Event: 6.415 GC heap before
{Heap before GC invocations=13 (full 0):
 garbage-first heap   total 51200K, used 38776K [0x0000000081c00000, 0x0000000100000000)
  region size 1024K, 18 young (18432K), 1 survivors (1024K)
 Metaspace       used 46494K, committed 47104K, reserved 1114112K
  class space    used 5852K, committed 6144K, reserved 1048576K
}
Event: 6.417 GC heap after
{Heap after GC invocations=14 (full 0):
 garbage-first heap   total 94208K, used 24048K [0x0000000081c00000, 0x0000000100000000)
  region size 1024K, 2 young (2048K), 2 survivors (2048K)
 Metaspace       used 46494K, committed 47104K, reserved 1114112K
  class space    used 5852K, committed 6144K, reserved 1048576K
}
Event: 7.604 GC heap before
{Heap before GC invocations=14 (full 0):
 garbage-first heap   total 94208K, used 72176K [0x0000000081c00000, 0x0000000100000000)
  region size 1024K, 50 young (51200K), 2 survivors (2048K)
 Metaspace       used 59036K, committed 59648K, reserved 1114112K
  class space    used 7662K, committed 7936K, reserved 1048576K
}
Event: 7.609 GC heap after
{Heap after GC invocations=15 (full 0):
 garbage-first heap   total 94208K, used 26745K [0x0000000081c00000, 0x0000000100000000)
  region size 1024K, 5 young (5120K), 5 survivors (5120K)
 Metaspace       used 59036K, committed 59648K, reserved 1114112K
  class space    used 7662K, committed 7936K, reserved 1048576K
}
Event: 7.684 GC heap before
{Heap before GC invocations=15 (full 0):
 garbage-first heap   total 94208K, used 29817K [0x0000000081c00000, 0x0000000100000000)
  region size 1024K, 9 young (9216K), 5 survivors (5120K)
 Metaspace       used 59874K, committed 60480K, reserved 1114112K
  class space    used 7732K, committed 8000K, reserved 1048576K
}
Event: 7.689 GC heap after
{Heap after GC invocations=16 (full 0):
 garbage-first heap   total 94208K, used 27040K [0x0000000081c00000, 0x0000000100000000)
  region size 1024K, 3 young (3072K), 3 survivors (3072K)
 Metaspace       used 59874K, committed 60480K, reserved 1114112K
  class space    used 7732K, committed 8000K, reserved 1048576K
}
Event: 8.410 GC heap before
{Heap before GC invocations=17 (full 0):
 garbage-first heap   total 94208K, used 73120K [0x0000000081c00000, 0x0000000100000000)
  region size 1024K, 48 young (49152K), 3 survivors (3072K)
 Metaspace       used 62869K, committed 63488K, reserved 1114112K
  class space    used 8230K, committed 8512K, reserved 1048576K
}
Event: 8.415 GC heap after
{Heap after GC invocations=18 (full 0):
 garbage-first heap   total 94208K, used 29669K [0x0000000081c00000, 0x0000000100000000)
  region size 1024K, 6 young (6144K), 6 survivors (6144K)
 Metaspace       used 62869K, committed 63488K, reserved 1114112K
  class space    used 8230K, committed 8512K, reserved 1048576K
}
Event: 8.432 GC heap before
{Heap before GC invocations=18 (full 0):
 garbage-first heap   total 94208K, used 30693K [0x0000000081c00000, 0x0000000100000000)
  region size 1024K, 7 young (7168K), 6 survivors (6144K)
 Metaspace       used 62894K, committed 63488K, reserved 1114112K
  class space    used 8233K, committed 8512K, reserved 1048576K
}
Event: 8.439 GC heap after
{Heap after GC invocations=19 (full 0):
 garbage-first heap   total 94208K, used 30035K [0x0000000081c00000, 0x0000000100000000)
  region size 1024K, 1 young (1024K), 1 survivors (1024K)
 Metaspace       used 62894K, committed 63488K, reserved 1114112K
  class space    used 8233K, committed 8512K, reserved 1048576K
}
Event: 9.195 GC heap before
{Heap before GC invocations=19 (full 0):
 garbage-first heap   total 94208K, used 73043K [0x0000000081c00000, 0x0000000100000000)
  region size 1024K, 44 young (45056K), 1 survivors (1024K)
 Metaspace       used 65466K, committed 66176K, reserved 1114112K
  class space    used 8600K, committed 8960K, reserved 1048576K
}
Event: 9.200 GC heap after
{Heap after GC invocations=20 (full 0):
 garbage-first heap   total 94208K, used 32745K [0x0000000081c00000, 0x0000000100000000)
  region size 1024K, 4 young (4096K), 4 survivors (4096K)
 Metaspace       used 65466K, committed 66176K, reserved 1114112K
  class space    used 8600K, committed 8960K, reserved 1048576K
}

