# JRE version: OpenJDK Runtime Environment Corretto-19.0.2.7.1 (19.0.2+7) (build 19.0.2+7-FR)
# Java VM: OpenJDK 64-Bit Server VM Corretto-19.0.2.7.1 (19.0.2+7-FR, mixed mode, sharing, tiered, compressed oops, compressed class ptrs, g1 gc, windows-amd64)
GC Precious Log:
 CardTable entry size: 512
 Card Set container configuration: InlinePtr #cards 5 size 8 Array Of Cards #cards 12 size 40 Howl #buckets 4 coarsen threshold 1843 Howl Bitmap #cards 512 size 80 coarsen threshold 460 Card regions per heap region 1 cards per card region 2048
 CPUs: 8 total, 8 available
 Memory: 8074M
 Large Page Support: Disabled
 NUMA Support: Disabled
 Compressed Oops: Enabled (32-bit)
 Heap Region Size: 1M
 Heap Min Capacity: 8M
 Heap Initial Capacity: 128M
 Heap Max Capacity: 2020M
 Pre-touch: Disabled
 Parallel Workers: 8
 Concurrent Workers: 2
 Concurrent Refinement Workers: 8
 Periodic GC: Disabled
Heap:
 garbage-first heap   total 75776K, used 27878K [0x0000000081c00000, 0x0000000100000000)
  region size 1024K, 5 young (5120K), 3 survivors (3072K)
 Metaspace       used 60155K, committed 60800K, reserved 1114112K
  class space    used 7765K, committed 8064K, reserved 1048576K
GC Heap History (20 events):
Event: 3.114 GC heap before
{Heap before GC invocations=4 (full 0):
 garbage-first heap   total 51200K, used 37571K [0x0000000081c00000, 0x0000000100000000)
  region size 1024K, 30 young (30720K), 7 survivors (7168K)
 Metaspace       used 24475K, committed 24896K, reserved 1114112K
  class space    used 2954K, committed 3136K, reserved 1048576K
}
Event: 3.122 GC heap after
{Heap after GC invocations=5 (full 0):
 garbage-first heap   total 51200K, used 15933K [0x0000000081c00000, 0x0000000100000000)
  region size 1024K, 3 young (3072K), 3 survivors (3072K)
 Metaspace       used 24475K, committed 24896K, reserved 1114112K
  class space    used 2954K, committed 3136K, reserved 1048576K
}
Event: 3.138 GC heap before
{Heap before GC invocations=5 (full 0):
 garbage-first heap   total 51200K, used 16957K [0x0000000081c00000, 0x0000000100000000)
  region size 1024K, 4 young (4096K), 3 survivors (3072K)
 Metaspace       used 24532K, committed 24960K, reserved 1114112K
  class space    used 2963K, committed 3200K, reserved 1048576K
}
Event: 3.141 GC heap after
{Heap after GC invocations=6 (full 0):
 garbage-first heap   total 51200K, used 16444K [0x0000000081c00000, 0x0000000100000000)
  region size 1024K, 1 young (1024K), 1 survivors (1024K)
 Metaspace       used 24532K, committed 24960K, reserved 1114112K
  class space    used 2963K, committed 3200K, reserved 1048576K
}
Event: 3.602 GC heap before
{Heap before GC invocations=6 (full 0):
 garbage-first heap   total 51200K, used 34876K [0x0000000081c00000, 0x0000000100000000)
  region size 1024K, 20 young (20480K), 1 survivors (1024K)
 Metaspace       used 29008K, committed 29440K, reserved 1114112K
  class space    used 3509K, committed 3712K, reserved 1048576K
}
Event: 3.605 GC heap after
{Heap after GC invocations=7 (full 0):
 garbage-first heap   total 51200K, used 17853K [0x0000000081c00000, 0x0000000100000000)
  region size 1024K, 2 young (2048K), 2 survivors (2048K)
 Metaspace       used 29008K, committed 29440K, reserved 1114112K
  class space    used 3509K, committed 3712K, reserved 1048576K
}
Event: 3.988 GC heap before
{Heap before GC invocations=7 (full 0):
 garbage-first heap   total 51200K, used 37309K [0x0000000081c00000, 0x0000000100000000)
  region size 1024K, 21 young (21504K), 2 survivors (2048K)
 Metaspace       used 31790K, committed 32320K, reserved 1114112K
  class space    used 3850K, committed 4096K, reserved 1048576K
}
Event: 3.992 GC heap after
{Heap after GC invocations=8 (full 0):
 garbage-first heap   total 51200K, used 19408K [0x0000000081c00000, 0x0000000100000000)
  region size 1024K, 2 young (2048K), 2 survivors (2048K)
 Metaspace       used 31790K, committed 32320K, reserved 1114112K
  class space    used 3850K, committed 4096K, reserved 1048576K
}
Event: 4.354 GC heap before
{Heap before GC invocations=8 (full 0):
 garbage-first heap   total 51200K, used 37840K [0x0000000081c00000, 0x0000000100000000)
  region size 1024K, 20 young (20480K), 2 survivors (2048K)
 Metaspace       used 33436K, committed 33984K, reserved 1114112K
  class space    used 4087K, committed 4352K, reserved 1048576K
}
Event: 4.358 GC heap after
{Heap after GC invocations=9 (full 0):
 garbage-first heap   total 51200K, used 20462K [0x0000000081c00000, 0x0000000100000000)
  region size 1024K, 3 young (3072K), 3 survivors (3072K)
 Metaspace       used 33436K, committed 33984K, reserved 1114112K
  class space    used 4087K, committed 4352K, reserved 1048576K
}
Event: 4.608 GC heap before
{Heap before GC invocations=9 (full 0):
 garbage-first heap   total 51200K, used 32750K [0x0000000081c00000, 0x0000000100000000)
  region size 1024K, 16 young (16384K), 3 survivors (3072K)
 Metaspace       used 35429K, committed 35968K, reserved 1114112K
  class space    used 4341K, committed 4608K, reserved 1048576K
}
Event: 4.611 GC heap after
{Heap after GC invocations=10 (full 0):
 garbage-first heap   total 78848K, used 21126K [0x0000000081c00000, 0x0000000100000000)
  region size 1024K, 2 young (2048K), 2 survivors (2048K)
 Metaspace       used 35429K, committed 35968K, reserved 1114112K
  class space    used 4341K, committed 4608K, reserved 1048576K
}
Event: 5.530 GC heap before
{Heap before GC invocations=11 (full 0):
 garbage-first heap   total 75776K, used 61062K [0x0000000081c00000, 0x0000000100000000)
  region size 1024K, 41 young (41984K), 2 survivors (2048K)
 Metaspace       used 46602K, committed 47232K, reserved 1114112K
  class space    used 5866K, committed 6144K, reserved 1048576K
}
Event: 5.534 GC heap after
{Heap after GC invocations=12 (full 0):
 garbage-first heap   total 75776K, used 24284K [0x0000000081c00000, 0x0000000100000000)
  region size 1024K, 5 young (5120K), 5 survivors (5120K)
 Metaspace       used 46602K, committed 47232K, reserved 1114112K
  class space    used 5866K, committed 6144K, reserved 1048576K
}
Event: 5.544 GC heap before
{Heap before GC invocations=12 (full 0):
 garbage-first heap   total 75776K, used 25308K [0x0000000081c00000, 0x0000000100000000)
  region size 1024K, 6 young (6144K), 5 survivors (5120K)
 Metaspace       used 46778K, committed 47360K, reserved 1114112K
  class space    used 5884K, committed 6144K, reserved 1048576K
}
Event: 5.548 GC heap after
{Heap after GC invocations=13 (full 0):
 garbage-first heap   total 75776K, used 24569K [0x0000000081c00000, 0x0000000100000000)
  region size 1024K, 1 young (1024K), 1 survivors (1024K)
 Metaspace       used 46778K, committed 47360K, reserved 1114112K
  class space    used 5884K, committed 6144K, reserved 1048576K
}
Event: 6.132 GC heap before
{Heap before GC invocations=13 (full 0):
 garbage-first heap   total 75776K, used 56313K [0x0000000081c00000, 0x0000000100000000)
  region size 1024K, 33 young (33792K), 1 survivors (1024K)
 Metaspace       used 57114K, committed 57728K, reserved 1114112K
  class space    used 7458K, committed 7744K, reserved 1048576K
}
Event: 6.134 GC heap after
{Heap after GC invocations=14 (full 0):
 garbage-first heap   total 75776K, used 25359K [0x0000000081c00000, 0x0000000100000000)
  region size 1024K, 2 young (2048K), 2 survivors (2048K)
 Metaspace       used 57114K, committed 57728K, reserved 1114112K
  class space    used 7458K, committed 7744K, reserved 1048576K
}
Event: 6.413 GC heap before
{Heap before GC invocations=14 (full 0):
 garbage-first heap   total 75776K, used 41743K [0x0000000081c00000, 0x0000000100000000)
  region size 1024K, 19 young (19456K), 2 survivors (2048K)
 Metaspace       used 59813K, committed 60416K, reserved 1114112K
  class space    used 7728K, committed 8000K, reserved 1048576K
}
Event: 6.417 GC heap after
{Heap after GC invocations=15 (full 0):
 garbage-first heap   total 75776K, used 26854K [0x0000000081c00000, 0x0000000100000000)
  region size 1024K, 3 young (3072K), 3 survivors (3072K)
 Metaspace       used 59813K, committed 60416K, reserved 1114112K
  class space    used 7728K, committed 8000K, reserved 1048576K
}

